[0.117s] DEBUG:colcon:Command line arguments: ['/usr/bin/colcon', 'build', '--packages-select', 'huateng_camera_node', '--symlink-install']
[0.117s] DEBUG:colcon:Parsed command line arguments: Namespace(log_base=None, log_level=None, verb_name='build', build_base='build', install_base='install', merge_install=False, symlink_install=True, test_result_base=None, continue_on_error=False, executor='parallel', parallel_workers=8, event_handlers=None, ignore_user_meta=False, metas=['./colcon.meta'], base_paths=['.'], packages_ignore=None, packages_ignore_regex=None, paths=None, packages_up_to=None, packages_up_to_regex=None, packages_above=None, packages_above_and_dependencies=None, packages_above_depth=None, packages_select_by_dep=None, packages_skip_by_dep=None, packages_skip_up_to=None, packages_select_build_failed=False, packages_skip_build_finished=False, packages_select_test_failures=False, packages_skip_test_passed=False, packages_select=['huateng_camera_node'], packages_skip=None, packages_select_regex=None, packages_skip_regex=None, packages_start=None, packages_end=None, allow_overriding=[], cmake_args=None, cmake_target=None, cmake_target_skip_unavailable=False, cmake_clean_cache=False, cmake_clean_first=False, cmake_force_configure=False, ament_cmake_args=None, catkin_cmake_args=None, catkin_skip_building_tests=False, mixin_files=None, mixin=None, verb_parser=<colcon_mixin.mixin.mixin_argument.MixinArgumentDecorator object at 0x7f700bc61360>, verb_extension=<colcon_core.verb.build.BuildVerb object at 0x7f700bd622c0>, main=<bound method BuildVerb.main of <colcon_core.verb.build.BuildVerb object at 0x7f700bd622c0>>, mixin_verb=('build',))
[0.298s] Level 1:colcon.colcon_core.package_discovery:discover_packages(colcon_meta) check parameters
[0.298s] Level 1:colcon.colcon_core.package_discovery:discover_packages(recursive) check parameters
[0.298s] Level 1:colcon.colcon_core.package_discovery:discover_packages(ignore) check parameters
[0.298s] Level 1:colcon.colcon_core.package_discovery:discover_packages(path) check parameters
[0.298s] Level 1:colcon.colcon_core.package_discovery:discover_packages(colcon_meta) discover
[0.298s] Level 1:colcon.colcon_core.package_discovery:discover_packages(recursive) discover
[0.298s] INFO:colcon.colcon_core.package_discovery:Crawling recursively for packages in '/home/gustavo/Downloads/huateng_camera_node'
[0.298s] Level 1:colcon.colcon_core.package_identification:_identify(.) by extensions ['ignore', 'ignore_ament_install']
[0.298s] Level 1:colcon.colcon_core.package_identification:_identify(.) by extension 'ignore'
[0.298s] Level 1:colcon.colcon_core.package_identification:_identify(.) by extension 'ignore_ament_install'
[0.298s] Level 1:colcon.colcon_core.package_identification:_identify(.) by extensions ['colcon_pkg']
[0.298s] Level 1:colcon.colcon_core.package_identification:_identify(.) by extension 'colcon_pkg'
[0.299s] Level 1:colcon.colcon_core.package_identification:_identify(.) by extensions ['colcon_meta']
[0.299s] Level 1:colcon.colcon_core.package_identification:_identify(.) by extension 'colcon_meta'
[0.299s] Level 1:colcon.colcon_core.package_identification:_identify(.) by extensions ['ros']
[0.299s] Level 1:colcon.colcon_core.package_identification:_identify(.) by extension 'ros'
[0.313s] DEBUG:colcon.colcon_core.package_identification:Package '.' with type 'ros.ament_cmake' and name 'huateng_camera_node'
[0.314s] Level 1:colcon.colcon_core.package_discovery:discover_packages(recursive) using defaults
[0.314s] Level 1:colcon.colcon_core.package_discovery:discover_packages(ignore) discover
[0.314s] Level 1:colcon.colcon_core.package_discovery:discover_packages(ignore) using defaults
[0.314s] Level 1:colcon.colcon_core.package_discovery:discover_packages(path) discover
[0.314s] Level 1:colcon.colcon_core.package_discovery:discover_packages(path) using defaults
[0.349s] Level 1:colcon.colcon_core.package_discovery:discover_packages(prefix_path) check parameters
[0.349s] Level 1:colcon.colcon_core.package_discovery:discover_packages(prefix_path) discover
[0.350s] DEBUG:colcon.colcon_installed_package_information.package_discovery:Found 0 installed packages in /home/gustavo/install
[0.352s] DEBUG:colcon.colcon_installed_package_information.package_discovery:Found 273 installed packages in /opt/ros/humble
[0.353s] Level 1:colcon.colcon_core.package_discovery:discover_packages(prefix_path) using defaults
[0.395s] Level 5:colcon.colcon_core.verb:set package 'huateng_camera_node' build argument 'cmake_args' from command line to 'None'
[0.395s] Level 5:colcon.colcon_core.verb:set package 'huateng_camera_node' build argument 'cmake_target' from command line to 'None'
[0.395s] Level 5:colcon.colcon_core.verb:set package 'huateng_camera_node' build argument 'cmake_target_skip_unavailable' from command line to 'False'
[0.395s] Level 5:colcon.colcon_core.verb:set package 'huateng_camera_node' build argument 'cmake_clean_cache' from command line to 'False'
[0.395s] Level 5:colcon.colcon_core.verb:set package 'huateng_camera_node' build argument 'cmake_clean_first' from command line to 'False'
[0.395s] Level 5:colcon.colcon_core.verb:set package 'huateng_camera_node' build argument 'cmake_force_configure' from command line to 'False'
[0.395s] Level 5:colcon.colcon_core.verb:set package 'huateng_camera_node' build argument 'ament_cmake_args' from command line to 'None'
[0.395s] Level 5:colcon.colcon_core.verb:set package 'huateng_camera_node' build argument 'catkin_cmake_args' from command line to 'None'
[0.395s] Level 5:colcon.colcon_core.verb:set package 'huateng_camera_node' build argument 'catkin_skip_building_tests' from command line to 'False'
[0.395s] DEBUG:colcon.colcon_core.verb:Building package 'huateng_camera_node' with the following arguments: {'ament_cmake_args': None, 'build_base': '/home/gustavo/Downloads/huateng_camera_node/build/huateng_camera_node', 'catkin_cmake_args': None, 'catkin_skip_building_tests': False, 'cmake_args': None, 'cmake_clean_cache': False, 'cmake_clean_first': False, 'cmake_force_configure': False, 'cmake_target': None, 'cmake_target_skip_unavailable': False, 'install_base': '/home/gustavo/Downloads/huateng_camera_node/install/huateng_camera_node', 'merge_install': False, 'path': '/home/gustavo/Downloads/huateng_camera_node', 'symlink_install': True, 'test_result_base': None}
[0.395s] INFO:colcon.colcon_core.executor:Executing jobs using 'parallel' executor
[0.396s] DEBUG:colcon.colcon_parallel_executor.executor.parallel:run_until_complete
[0.396s] INFO:colcon.colcon_ros.task.ament_cmake.build:Building ROS package in '/home/gustavo/Downloads/huateng_camera_node' with build type 'ament_cmake'
[0.397s] INFO:colcon.colcon_cmake.task.cmake.build:Building CMake package in '/home/gustavo/Downloads/huateng_camera_node'
[0.399s] INFO:colcon.colcon_core.plugin_system:Skipping extension 'colcon_core.shell.bat': Not used on non-Windows systems
[0.399s] INFO:colcon.colcon_core.shell:Skip shell extension 'powershell' for command environment: Not usable outside of PowerShell
[0.399s] DEBUG:colcon.colcon_core.shell:Skip shell extension 'dsv' for command environment
[0.412s] DEBUG:colcon.colcon_core.event_handler.log_command:Invoking command in '/home/gustavo/Downloads/huateng_camera_node/build/huateng_camera_node': CMAKE_PREFIX_PATH=/opt/ros/humble /usr/bin/cmake /home/gustavo/Downloads/huateng_camera_node -DAMENT_CMAKE_SYMLINK_INSTALL=1 -DCMAKE_INSTALL_PREFIX=/home/gustavo/Downloads/huateng_camera_node/install/huateng_camera_node
[3.847s] DEBUG:colcon.colcon_core.event_handler.log_command:Invoked command in '/home/gustavo/Downloads/huateng_camera_node/build/huateng_camera_node' returned '0': CMAKE_PREFIX_PATH=/opt/ros/humble /usr/bin/cmake /home/gustavo/Downloads/huateng_camera_node -DAMENT_CMAKE_SYMLINK_INSTALL=1 -DCMAKE_INSTALL_PREFIX=/home/gustavo/Downloads/huateng_camera_node/install/huateng_camera_node
[3.850s] DEBUG:colcon.colcon_core.event_handler.log_command:Invoking command in '/home/gustavo/Downloads/huateng_camera_node/build/huateng_camera_node': CMAKE_PREFIX_PATH=/opt/ros/humble /usr/bin/cmake --build /home/gustavo/Downloads/huateng_camera_node/build/huateng_camera_node -- -j8 -l8
[24.100s] DEBUG:colcon.colcon_core.event_handler.log_command:Invoked command in '/home/gustavo/Downloads/huateng_camera_node/build/huateng_camera_node' returned '0': CMAKE_PREFIX_PATH=/opt/ros/humble /usr/bin/cmake --build /home/gustavo/Downloads/huateng_camera_node/build/huateng_camera_node -- -j8 -l8
[24.126s] DEBUG:colcon.colcon_core.event_handler.log_command:Invoking command in '/home/gustavo/Downloads/huateng_camera_node/build/huateng_camera_node': CMAKE_PREFIX_PATH=/opt/ros/humble /usr/bin/cmake --install /home/gustavo/Downloads/huateng_camera_node/build/huateng_camera_node
[25.165s] Level 1:colcon.colcon_core.environment:create_environment_scripts_only(huateng_camera_node)
[25.166s] DEBUG:colcon.colcon_core.event_handler.log_command:Invoked command in '/home/gustavo/Downloads/huateng_camera_node/build/huateng_camera_node' returned '0': CMAKE_PREFIX_PATH=/opt/ros/humble /usr/bin/cmake --install /home/gustavo/Downloads/huateng_camera_node/build/huateng_camera_node
[25.174s] Level 1:colcon.colcon_core.environment:checking '/home/gustavo/Downloads/huateng_camera_node/install/huateng_camera_node' for CMake module files
[25.176s] Level 1:colcon.colcon_core.environment:checking '/home/gustavo/Downloads/huateng_camera_node/install/huateng_camera_node' for CMake config files
[25.178s] Level 1:colcon.colcon_core.shell:create_environment_hook('huateng_camera_node', 'cmake_prefix_path')
[25.179s] INFO:colcon.colcon_core.shell:Creating environment hook '/home/gustavo/Downloads/huateng_camera_node/install/huateng_camera_node/share/huateng_camera_node/hook/cmake_prefix_path.ps1'
[25.181s] INFO:colcon.colcon_core.shell:Creating environment descriptor '/home/gustavo/Downloads/huateng_camera_node/install/huateng_camera_node/share/huateng_camera_node/hook/cmake_prefix_path.dsv'
[25.182s] INFO:colcon.colcon_core.shell:Creating environment hook '/home/gustavo/Downloads/huateng_camera_node/install/huateng_camera_node/share/huateng_camera_node/hook/cmake_prefix_path.sh'
[25.184s] Level 1:colcon.colcon_core.environment:checking '/home/gustavo/Downloads/huateng_camera_node/install/huateng_camera_node/lib'
[25.185s] Level 1:colcon.colcon_core.shell:create_environment_hook('huateng_camera_node', 'ld_library_path_lib')
[25.186s] INFO:colcon.colcon_core.shell:Creating environment hook '/home/gustavo/Downloads/huateng_camera_node/install/huateng_camera_node/share/huateng_camera_node/hook/ld_library_path_lib.ps1'
[25.187s] INFO:colcon.colcon_core.shell:Creating environment descriptor '/home/gustavo/Downloads/huateng_camera_node/install/huateng_camera_node/share/huateng_camera_node/hook/ld_library_path_lib.dsv'
[25.187s] INFO:colcon.colcon_core.shell:Creating environment hook '/home/gustavo/Downloads/huateng_camera_node/install/huateng_camera_node/share/huateng_camera_node/hook/ld_library_path_lib.sh'
[25.188s] Level 1:colcon.colcon_core.environment:checking '/home/gustavo/Downloads/huateng_camera_node/install/huateng_camera_node/bin'
[25.189s] Level 1:colcon.colcon_core.environment:checking '/home/gustavo/Downloads/huateng_camera_node/install/huateng_camera_node/lib/pkgconfig/huateng_camera_node.pc'
[25.189s] Level 1:colcon.colcon_core.environment:checking '/home/gustavo/Downloads/huateng_camera_node/install/huateng_camera_node/lib/python3.10/site-packages'
[25.190s] Level 1:colcon.colcon_core.environment:checking '/home/gustavo/Downloads/huateng_camera_node/install/huateng_camera_node/bin'
[25.191s] INFO:colcon.colcon_core.shell:Creating package script '/home/gustavo/Downloads/huateng_camera_node/install/huateng_camera_node/share/huateng_camera_node/package.ps1'
[25.194s] INFO:colcon.colcon_core.shell:Creating package descriptor '/home/gustavo/Downloads/huateng_camera_node/install/huateng_camera_node/share/huateng_camera_node/package.dsv'
[25.196s] INFO:colcon.colcon_core.shell:Creating package script '/home/gustavo/Downloads/huateng_camera_node/install/huateng_camera_node/share/huateng_camera_node/package.sh'
[25.198s] INFO:colcon.colcon_core.shell:Creating package script '/home/gustavo/Downloads/huateng_camera_node/install/huateng_camera_node/share/huateng_camera_node/package.bash'
[25.200s] INFO:colcon.colcon_core.shell:Creating package script '/home/gustavo/Downloads/huateng_camera_node/install/huateng_camera_node/share/huateng_camera_node/package.zsh'
[25.202s] Level 1:colcon.colcon_core.environment:create_file_with_runtime_dependencies(/home/gustavo/Downloads/huateng_camera_node/install/huateng_camera_node/share/colcon-core/packages/huateng_camera_node)
[25.204s] Level 1:colcon.colcon_core.environment:create_environment_scripts_only(huateng_camera_node)
[25.204s] Level 1:colcon.colcon_core.environment:checking '/home/gustavo/Downloads/huateng_camera_node/install/huateng_camera_node' for CMake module files
[25.207s] Level 1:colcon.colcon_core.environment:checking '/home/gustavo/Downloads/huateng_camera_node/install/huateng_camera_node' for CMake config files
[25.209s] Level 1:colcon.colcon_core.shell:create_environment_hook('huateng_camera_node', 'cmake_prefix_path')
[25.209s] INFO:colcon.colcon_core.shell:Creating environment hook '/home/gustavo/Downloads/huateng_camera_node/install/huateng_camera_node/share/huateng_camera_node/hook/cmake_prefix_path.ps1'
[25.211s] INFO:colcon.colcon_core.shell:Creating environment descriptor '/home/gustavo/Downloads/huateng_camera_node/install/huateng_camera_node/share/huateng_camera_node/hook/cmake_prefix_path.dsv'
[25.212s] INFO:colcon.colcon_core.shell:Creating environment hook '/home/gustavo/Downloads/huateng_camera_node/install/huateng_camera_node/share/huateng_camera_node/hook/cmake_prefix_path.sh'
[25.213s] Level 1:colcon.colcon_core.environment:checking '/home/gustavo/Downloads/huateng_camera_node/install/huateng_camera_node/lib'
[25.213s] Level 1:colcon.colcon_core.shell:create_environment_hook('huateng_camera_node', 'ld_library_path_lib')
[25.214s] INFO:colcon.colcon_core.shell:Creating environment hook '/home/gustavo/Downloads/huateng_camera_node/install/huateng_camera_node/share/huateng_camera_node/hook/ld_library_path_lib.ps1'
[25.215s] INFO:colcon.colcon_core.shell:Creating environment descriptor '/home/gustavo/Downloads/huateng_camera_node/install/huateng_camera_node/share/huateng_camera_node/hook/ld_library_path_lib.dsv'
[25.216s] INFO:colcon.colcon_core.shell:Creating environment hook '/home/gustavo/Downloads/huateng_camera_node/install/huateng_camera_node/share/huateng_camera_node/hook/ld_library_path_lib.sh'
[25.217s] Level 1:colcon.colcon_core.environment:checking '/home/gustavo/Downloads/huateng_camera_node/install/huateng_camera_node/bin'
[25.218s] Level 1:colcon.colcon_core.environment:checking '/home/gustavo/Downloads/huateng_camera_node/install/huateng_camera_node/lib/pkgconfig/huateng_camera_node.pc'
[25.218s] Level 1:colcon.colcon_core.environment:checking '/home/gustavo/Downloads/huateng_camera_node/install/huateng_camera_node/lib/python3.10/site-packages'
[25.219s] Level 1:colcon.colcon_core.environment:checking '/home/gustavo/Downloads/huateng_camera_node/install/huateng_camera_node/bin'
[25.220s] INFO:colcon.colcon_core.shell:Creating package script '/home/gustavo/Downloads/huateng_camera_node/install/huateng_camera_node/share/huateng_camera_node/package.ps1'
[25.221s] INFO:colcon.colcon_core.shell:Creating package descriptor '/home/gustavo/Downloads/huateng_camera_node/install/huateng_camera_node/share/huateng_camera_node/package.dsv'
[25.221s] INFO:colcon.colcon_core.shell:Creating package script '/home/gustavo/Downloads/huateng_camera_node/install/huateng_camera_node/share/huateng_camera_node/package.sh'
[25.222s] INFO:colcon.colcon_core.shell:Creating package script '/home/gustavo/Downloads/huateng_camera_node/install/huateng_camera_node/share/huateng_camera_node/package.bash'
[25.222s] INFO:colcon.colcon_core.shell:Creating package script '/home/gustavo/Downloads/huateng_camera_node/install/huateng_camera_node/share/huateng_camera_node/package.zsh'
[25.223s] Level 1:colcon.colcon_core.environment:create_file_with_runtime_dependencies(/home/gustavo/Downloads/huateng_camera_node/install/huateng_camera_node/share/colcon-core/packages/huateng_camera_node)
[25.223s] DEBUG:colcon.colcon_parallel_executor.executor.parallel:closing loop
[25.224s] DEBUG:colcon.colcon_parallel_executor.executor.parallel:loop closed
[25.224s] DEBUG:colcon.colcon_parallel_executor.executor.parallel:run_until_complete finished with '0'
[25.224s] DEBUG:colcon.colcon_core.event_reactor:joining thread
[25.237s] INFO:colcon.colcon_core.plugin_system:Skipping extension 'colcon_notification.desktop_notification.terminal_notifier': Not used on non-Darwin systems
[25.237s] INFO:colcon.colcon_core.plugin_system:Skipping extension 'colcon_notification.desktop_notification.win32': Not used on non-Windows systems
[25.237s] INFO:colcon.colcon_notification.desktop_notification:Sending desktop notification using 'notify2'
[25.263s] DEBUG:colcon.colcon_core.event_reactor:joined thread
[25.264s] INFO:colcon.colcon_core.shell:Creating prefix script '/home/gustavo/Downloads/huateng_camera_node/install/local_setup.ps1'
[25.266s] INFO:colcon.colcon_core.shell:Creating prefix util module '/home/gustavo/Downloads/huateng_camera_node/install/_local_setup_util_ps1.py'
[25.268s] INFO:colcon.colcon_core.shell:Creating prefix chain script '/home/gustavo/Downloads/huateng_camera_node/install/setup.ps1'
[25.270s] INFO:colcon.colcon_core.shell:Creating prefix script '/home/gustavo/Downloads/huateng_camera_node/install/local_setup.sh'
[25.271s] INFO:colcon.colcon_core.shell:Creating prefix util module '/home/gustavo/Downloads/huateng_camera_node/install/_local_setup_util_sh.py'
[25.272s] INFO:colcon.colcon_core.shell:Creating prefix chain script '/home/gustavo/Downloads/huateng_camera_node/install/setup.sh'
[25.273s] INFO:colcon.colcon_core.shell:Creating prefix script '/home/gustavo/Downloads/huateng_camera_node/install/local_setup.bash'
[25.273s] INFO:colcon.colcon_core.shell:Creating prefix chain script '/home/gustavo/Downloads/huateng_camera_node/install/setup.bash'
[25.274s] INFO:colcon.colcon_core.shell:Creating prefix script '/home/gustavo/Downloads/huateng_camera_node/install/local_setup.zsh'
[25.275s] INFO:colcon.colcon_core.shell:Creating prefix chain script '/home/gustavo/Downloads/huateng_camera_node/install/setup.zsh'
