[0.013s] Invoking command in '/home/gustavo/Downloads/huateng_camera_node/build/huateng_camera_node': CMAKE_PREFIX_PATH=/opt/ros/humble /usr/bin/cmake /home/gustavo/Downloads/huateng_camera_node -DAMENT_CMAKE_SYMLINK_INSTALL=1 -DCMAKE_INSTALL_PREFIX=/home/gustavo/Downloads/huateng_camera_node/install/huateng_camera_node
[0.199s] -- The C compiler identification is GNU 11.4.0
[0.359s] -- The CXX compiler identification is GNU 11.4.0
[0.386s] -- Detecting C compiler ABI info
[0.526s] -- Detecting C compiler ABI info - done
[0.539s] -- Check for working C compiler: /usr/bin/cc - skipped
[0.539s] -- Detecting C compile features
[0.540s] -- Detecting C compile features - done
[0.545s] -- Detecting CXX compiler ABI info
[0.674s] -- Detecting CXX compiler ABI info - done
[0.700s] -- Check for working CXX compiler: /usr/bin/c++ - skipped
[0.701s] -- Detecting CXX compile features
[0.702s] -- Detecting CXX compile features - done
[0.713s] -- Found ament_cmake: 1.3.12 (/opt/ros/humble/share/ament_cmake/cmake)
[0.924s] -- Found Python3: /usr/bin/python3 (found version "3.10.12") found components: Interpreter 
[1.009s] -- Override CMake install command with custom implementation using symlinks instead of copying resources
[1.075s] -- Found rosidl_default_generators: 1.2.0 (/opt/ros/humble/share/rosidl_default_generators/cmake)
[1.080s] -- Using all available rosidl_typesupport_c: rosidl_typesupport_fastrtps_c;rosidl_typesupport_introspection_c
[1.089s] -- Found rosidl_adapter: 3.1.7 (/opt/ros/humble/share/rosidl_adapter/cmake)
[1.147s] -- Using all available rosidl_typesupport_cpp: rosidl_typesupport_fastrtps_cpp;rosidl_typesupport_introspection_cpp
[1.195s] -- Found rclcpp: 16.0.15 (/opt/ros/humble/share/rclcpp/cmake)
[1.266s] -- Found rmw_implementation_cmake: 6.1.2 (/opt/ros/humble/share/rmw_implementation_cmake/cmake)
[1.269s] -- Found rmw_fastrtps_cpp: 6.2.9 (/opt/ros/humble/share/rmw_fastrtps_cpp/cmake)
[1.414s] -- Found OpenSSL: /usr/lib/x86_64-linux-gnu/libcrypto.so (found version "3.0.2")  
[1.453s] -- Found FastRTPS: /opt/ros/humble/include  
[1.506s] -- Using RMW implementation 'rmw_fastrtps_cpp' as default
[1.518s] -- Looking for pthread.h
[1.654s] -- Looking for pthread.h - found
[1.654s] -- Performing Test CMAKE_HAVE_LIBC_PTHREAD
[1.791s] -- Performing Test CMAKE_HAVE_LIBC_PTHREAD - Success
[1.794s] -- Found Threads: TRUE  
[1.894s] -- Found sensor_msgs: 4.9.0 (/opt/ros/humble/share/sensor_msgs/cmake)
[1.942s] -- Found diagnostic_msgs: 4.9.0 (/opt/ros/humble/share/diagnostic_msgs/cmake)
[1.967s] -- Found cv_bridge: 3.2.1 (/opt/ros/humble/share/cv_bridge/cmake)
[1.985s] -- Found image_transport: 3.1.12 (/opt/ros/humble/share/image_transport/cmake)
[2.034s] -- Found camera_info_manager: 3.1.12 (/opt/ros/humble/share/camera_info_manager/cmake)
[2.054s] -- Found OpenCV: /usr (found version "4.5.4") 
[2.424s] -- Found ament_cmake_ros: 0.10.0 (/opt/ros/humble/share/ament_cmake_ros/cmake)
[2.726s] -- Using all available rosidl_typesupport_c: rosidl_typesupport_fastrtps_c;rosidl_typesupport_introspection_c
[3.139s] -- Using all available rosidl_typesupport_cpp: rosidl_typesupport_fastrtps_cpp;rosidl_typesupport_introspection_cpp
[3.178s] -- Found PythonInterp: /usr/bin/python3 (found suitable version "3.10.12", minimum required is "3.6") 
[3.183s] -- Found python_cmake_module: 0.10.0 (/opt/ros/humble/share/python_cmake_module/cmake)
[3.230s] -- Found PythonLibs: /usr/lib/x86_64-linux-gnu/libpython3.10.so (found suitable version "3.10.12", minimum required is "3.5") 
[3.230s] -- Using PYTHON_EXECUTABLE: /usr/bin/python3
[3.231s] -- Using PYTHON_INCLUDE_DIRS: /usr/include/python3.10
[3.231s] -- Using PYTHON_LIBRARIES: /usr/lib/x86_64-linux-gnu/libpython3.10.so
[3.262s] -- Found PythonExtra: .so  
[3.352s] -- Configuring done
[3.412s] -- Generating done
[3.433s] -- Build files have been written to: /home/gustavo/Downloads/huateng_camera_node/build/huateng_camera_node
[3.449s] Invoked command in '/home/gustavo/Downloads/huateng_camera_node/build/huateng_camera_node' returned '0': CMAKE_PREFIX_PATH=/opt/ros/humble /usr/bin/cmake /home/gustavo/Downloads/huateng_camera_node -DAMENT_CMAKE_SYMLINK_INSTALL=1 -DCMAKE_INSTALL_PREFIX=/home/gustavo/Downloads/huateng_camera_node/install/huateng_camera_node
[3.452s] Invoking command in '/home/gustavo/Downloads/huateng_camera_node/build/huateng_camera_node': CMAKE_PREFIX_PATH=/opt/ros/humble /usr/bin/cmake --build /home/gustavo/Downloads/huateng_camera_node/build/huateng_camera_node -- -j8 -l8
[3.521s] [  3%] [34m[1mGenerating C code for ROS interfaces[0m
[3.533s] [  6%] [34m[1mGenerating C++ code for ROS interfaces[0m
[3.556s] [  6%] Built target ament_cmake_python_symlink_huateng_camera_node
[3.884s] running egg_info
[3.885s] creating huateng_camera_node.egg-info
[3.886s] writing huateng_camera_node.egg-info/PKG-INFO
[3.886s] writing dependency_links to huateng_camera_node.egg-info/dependency_links.txt
[3.886s] writing top-level names to huateng_camera_node.egg-info/top_level.txt
[3.887s] writing manifest file 'huateng_camera_node.egg-info/SOURCES.txt'
[3.891s] reading manifest file 'huateng_camera_node.egg-info/SOURCES.txt'
[3.892s] writing manifest file 'huateng_camera_node.egg-info/SOURCES.txt'
[3.924s] [  6%] Built target huateng_camera_node__cpp
[3.941s] [  9%] [34m[1mGenerating C++ type support dispatch for ROS interfaces[0m
[3.943s] [ 18%] [34m[1mGenerating C++ introspection for ROS interfaces[0m
[3.944s] [ 18%] [34m[1mGenerating C++ type support for eProsima Fast-RTPS[0m
[3.944s] [ 18%] [32mBuilding C object CMakeFiles/huateng_camera_node__rosidl_generator_c.dir/rosidl_generator_c/huateng_camera_node/srv/detail/set_float32__functions.c.o[0m
[3.948s] [ 18%] Built target ament_cmake_python_build_huateng_camera_node_egg
[4.048s] [ 21%] [32m[1mLinking C shared library libhuateng_camera_node__rosidl_generator_c.so[0m
[4.104s] [ 21%] Built target huateng_camera_node__rosidl_generator_c
[4.123s] [ 24%] [34m[1mGenerating C type support dispatch for ROS interfaces[0m
[4.123s] [ 27%] [34m[1mGenerating C introspection for ROS interfaces[0m
[4.124s] [ 30%] [34m[1mGenerating C type support for eProsima Fast-RTPS[0m
[4.335s] [ 33%] [32mBuilding CXX object CMakeFiles/huateng_camera_node__rosidl_typesupport_introspection_cpp.dir/rosidl_typesupport_introspection_cpp/huateng_camera_node/srv/detail/set_float32__type_support.cpp.o[0m
[4.382s] [ 36%] [32mBuilding CXX object CMakeFiles/huateng_camera_node__rosidl_typesupport_cpp.dir/rosidl_typesupport_cpp/huateng_camera_node/srv/set_float32__type_support.cpp.o[0m
[4.454s] [ 39%] [32mBuilding CXX object CMakeFiles/huateng_camera_node__rosidl_typesupport_fastrtps_cpp.dir/rosidl_typesupport_fastrtps_cpp/huateng_camera_node/srv/detail/dds_fastrtps/set_float32__type_support.cpp.o[0m
[4.489s] [ 42%] [32mBuilding CXX object CMakeFiles/huateng_camera_node__rosidl_typesupport_c.dir/rosidl_typesupport_c/huateng_camera_node/srv/set_float32__type_support.cpp.o[0m
[4.542s] [ 45%] [32m[1mLinking CXX shared library libhuateng_camera_node__rosidl_typesupport_c.so[0m
[4.637s] [ 45%] Built target huateng_camera_node__rosidl_typesupport_c
[4.698s] [ 48%] [32mBuilding C object CMakeFiles/huateng_camera_node__rosidl_typesupport_introspection_c.dir/rosidl_typesupport_introspection_c/huateng_camera_node/srv/detail/set_float32__type_support.c.o[0m
[4.702s] [ 51%] [32mBuilding CXX object CMakeFiles/huateng_camera_node__rosidl_typesupport_fastrtps_c.dir/rosidl_typesupport_fastrtps_c/huateng_camera_node/srv/detail/set_float32__type_support_c.cpp.o[0m
[4.758s] [ 54%] [32m[1mLinking C shared library libhuateng_camera_node__rosidl_typesupport_introspection_c.so[0m
[4.809s] [ 54%] Built target huateng_camera_node__rosidl_typesupport_introspection_c
[4.938s] [ 57%] [32m[1mLinking CXX shared library libhuateng_camera_node__rosidl_typesupport_cpp.so[0m
[5.004s] [ 57%] Built target huateng_camera_node__rosidl_typesupport_cpp
[5.012s] [ 60%] [32m[1mLinking CXX shared library libhuateng_camera_node__rosidl_typesupport_introspection_cpp.so[0m
[5.082s] [ 60%] Built target huateng_camera_node__rosidl_typesupport_introspection_cpp
[5.162s] [ 63%] [32m[1mLinking CXX shared library libhuateng_camera_node__rosidl_typesupport_fastrtps_cpp.so[0m
[5.199s] [ 66%] [32m[1mLinking CXX shared library libhuateng_camera_node__rosidl_typesupport_fastrtps_c.so[0m
[5.302s] [ 66%] Built target huateng_camera_node__rosidl_typesupport_fastrtps_cpp
[5.338s] [ 69%] [32mBuilding CXX object CMakeFiles/huateng_camera_node_exec.dir/src/huateng_camera_node.cpp.o[0m
[5.341s] [ 69%] Built target huateng_camera_node__rosidl_typesupport_fastrtps_c
[5.380s] [ 69%] Built target huateng_camera_node
[5.417s] [ 72%] [34m[1mGenerating Python code for ROS interfaces[0m
[5.894s] [ 72%] Built target huateng_camera_node__py
[5.931s] [ 75%] [32mBuilding C object CMakeFiles/huateng_camera_node__rosidl_generator_py.dir/rosidl_generator_py/huateng_camera_node/srv/_set_float32_s.c.o[0m
[6.108s] [ 78%] [32m[1mLinking C shared library rosidl_generator_py/huateng_camera_node/libhuateng_camera_node__rosidl_generator_py.so[0m
[6.181s] [ 78%] Built target huateng_camera_node__rosidl_generator_py
[6.213s] [ 81%] [32mBuilding C object CMakeFiles/huateng_camera_node__rosidl_typesupport_introspection_c__pyext.dir/rosidl_generator_py/huateng_camera_node/_huateng_camera_node_s.ep.rosidl_typesupport_introspection_c.c.o[0m
[6.215s] [ 84%] [32mBuilding C object CMakeFiles/huateng_camera_node__rosidl_typesupport_fastrtps_c__pyext.dir/rosidl_generator_py/huateng_camera_node/_huateng_camera_node_s.ep.rosidl_typesupport_fastrtps_c.c.o[0m
[6.217s] [ 87%] [32mBuilding C object CMakeFiles/huateng_camera_node__rosidl_typesupport_c__pyext.dir/rosidl_generator_py/huateng_camera_node/_huateng_camera_node_s.ep.rosidl_typesupport_c.c.o[0m
[6.363s] [ 93%] [32m[1mLinking C shared library rosidl_generator_py/huateng_camera_node/huateng_camera_node_s__rosidl_typesupport_fastrtps_c.cpython-310-x86_64-linux-gnu.so[0m
[6.363s] [ 93%] [32m[1mLinking C shared library rosidl_generator_py/huateng_camera_node/huateng_camera_node_s__rosidl_typesupport_introspection_c.cpython-310-x86_64-linux-gnu.so[0m
[6.368s] [ 96%] [32m[1mLinking C shared library rosidl_generator_py/huateng_camera_node/huateng_camera_node_s__rosidl_typesupport_c.cpython-310-x86_64-linux-gnu.so[0m
[6.420s] [ 96%] Built target huateng_camera_node__rosidl_typesupport_fastrtps_c__pyext
[6.420s] [ 96%] Built target huateng_camera_node__rosidl_typesupport_introspection_c__pyext
[6.425s] [ 96%] Built target huateng_camera_node__rosidl_typesupport_c__pyext
[22.261s] [100%] [32m[1mLinking CXX executable huateng_camera_node_exec[0m
[23.676s] [100%] Built target huateng_camera_node_exec
[23.703s] Invoked command in '/home/gustavo/Downloads/huateng_camera_node/build/huateng_camera_node' returned '0': CMAKE_PREFIX_PATH=/opt/ros/humble /usr/bin/cmake --build /home/gustavo/Downloads/huateng_camera_node/build/huateng_camera_node -- -j8 -l8
[23.728s] Invoking command in '/home/gustavo/Downloads/huateng_camera_node/build/huateng_camera_node': CMAKE_PREFIX_PATH=/opt/ros/humble /usr/bin/cmake --install /home/gustavo/Downloads/huateng_camera_node/build/huateng_camera_node
[23.737s] -- Install configuration: ""
[23.737s] -- Execute custom install script
[23.738s] -- Symlinking: /home/gustavo/Downloads/huateng_camera_node/install/huateng_camera_node/share/ament_index/resource_index/rosidl_interfaces/huateng_camera_node
[23.759s] -- Symlinking: /home/gustavo/Downloads/huateng_camera_node/install/huateng_camera_node/include/huateng_camera_node/huateng_camera_node/msg/rosidl_generator_c__visibility_control.h
[23.772s] -- Symlinking: /home/gustavo/Downloads/huateng_camera_node/install/huateng_camera_node/include/huateng_camera_node/huateng_camera_node/srv/detail/set_float32__functions.h
[23.784s] -- Symlinking: /home/gustavo/Downloads/huateng_camera_node/install/huateng_camera_node/include/huateng_camera_node/huateng_camera_node/srv/detail/set_float32__struct.h
[23.797s] -- Symlinking: /home/gustavo/Downloads/huateng_camera_node/install/huateng_camera_node/include/huateng_camera_node/huateng_camera_node/srv/detail/set_float32__type_support.h
[23.813s] -- Symlinking: /home/gustavo/Downloads/huateng_camera_node/install/huateng_camera_node/include/huateng_camera_node/huateng_camera_node/srv/set_float32.h
[23.832s] -- Symlinking: /home/gustavo/Downloads/huateng_camera_node/install/huateng_camera_node/share/huateng_camera_node/environment/library_path.sh
[23.844s] -- Symlinking: /home/gustavo/Downloads/huateng_camera_node/install/huateng_camera_node/share/huateng_camera_node/environment/library_path.dsv
[23.858s] -- Symlinking: /home/gustavo/Downloads/huateng_camera_node/install/huateng_camera_node/include/huateng_camera_node/huateng_camera_node/msg/rosidl_typesupport_fastrtps_c__visibility_control.h
[23.873s] -- Symlinking: /home/gustavo/Downloads/huateng_camera_node/install/huateng_camera_node/include/huateng_camera_node/huateng_camera_node/srv/detail/set_float32__rosidl_typesupport_fastrtps_c.h
[23.885s] -- Symlinking: /home/gustavo/Downloads/huateng_camera_node/install/huateng_camera_node/include/huateng_camera_node/huateng_camera_node/msg/rosidl_typesupport_introspection_c__visibility_control.h
[23.897s] -- Symlinking: /home/gustavo/Downloads/huateng_camera_node/install/huateng_camera_node/include/huateng_camera_node/huateng_camera_node/srv/detail/set_float32__rosidl_typesupport_introspection_c.h
[23.909s] -- Symlinking: /home/gustavo/Downloads/huateng_camera_node/install/huateng_camera_node/include/huateng_camera_node/huateng_camera_node/msg/rosidl_generator_cpp__visibility_control.hpp
[23.921s] -- Symlinking: /home/gustavo/Downloads/huateng_camera_node/install/huateng_camera_node/include/huateng_camera_node/huateng_camera_node/srv/detail/set_float32__builder.hpp
[23.933s] -- Symlinking: /home/gustavo/Downloads/huateng_camera_node/install/huateng_camera_node/include/huateng_camera_node/huateng_camera_node/srv/detail/set_float32__struct.hpp
[23.945s] -- Symlinking: /home/gustavo/Downloads/huateng_camera_node/install/huateng_camera_node/include/huateng_camera_node/huateng_camera_node/srv/detail/set_float32__traits.hpp
[23.966s] -- Symlinking: /home/gustavo/Downloads/huateng_camera_node/install/huateng_camera_node/include/huateng_camera_node/huateng_camera_node/srv/detail/set_float32__type_support.hpp
[23.978s] -- Symlinking: /home/gustavo/Downloads/huateng_camera_node/install/huateng_camera_node/include/huateng_camera_node/huateng_camera_node/srv/set_float32.hpp
[24.001s] -- Symlinking: /home/gustavo/Downloads/huateng_camera_node/install/huateng_camera_node/include/huateng_camera_node/huateng_camera_node/msg/rosidl_typesupport_fastrtps_cpp__visibility_control.h
[24.013s] -- Symlinking: /home/gustavo/Downloads/huateng_camera_node/install/huateng_camera_node/include/huateng_camera_node/huateng_camera_node/srv/detail/set_float32__rosidl_typesupport_fastrtps_cpp.hpp
[24.026s] -- Symlinking: /home/gustavo/Downloads/huateng_camera_node/install/huateng_camera_node/include/huateng_camera_node/huateng_camera_node/srv/detail/set_float32__rosidl_typesupport_introspection_cpp.hpp
[24.046s] -- Symlinking: /home/gustavo/Downloads/huateng_camera_node/install/huateng_camera_node/share/huateng_camera_node/environment/pythonpath.sh
[24.058s] -- Symlinking: /home/gustavo/Downloads/huateng_camera_node/install/huateng_camera_node/share/huateng_camera_node/environment/pythonpath.dsv
[24.083s] -- Symlinking: /home/gustavo/Downloads/huateng_camera_node/install/huateng_camera_node/local/lib/python3.10/dist-packages/huateng_camera_node-0.0.1-py3.10.egg-info/PKG-INFO
[24.096s] -- Symlinking: /home/gustavo/Downloads/huateng_camera_node/install/huateng_camera_node/local/lib/python3.10/dist-packages/huateng_camera_node-0.0.1-py3.10.egg-info/SOURCES.txt
[24.112s] -- Symlinking: /home/gustavo/Downloads/huateng_camera_node/install/huateng_camera_node/local/lib/python3.10/dist-packages/huateng_camera_node-0.0.1-py3.10.egg-info/dependency_links.txt
[24.124s] -- Symlinking: /home/gustavo/Downloads/huateng_camera_node/install/huateng_camera_node/local/lib/python3.10/dist-packages/huateng_camera_node-0.0.1-py3.10.egg-info/top_level.txt
[24.138s] -- Symlinking: /home/gustavo/Downloads/huateng_camera_node/install/huateng_camera_node/local/lib/python3.10/dist-packages/huateng_camera_node/__init__.py
[24.155s] -- Symlinking: /home/gustavo/Downloads/huateng_camera_node/install/huateng_camera_node/local/lib/python3.10/dist-packages/huateng_camera_node/_huateng_camera_node_s.ep.rosidl_typesupport_c.c
[24.167s] -- Symlinking: /home/gustavo/Downloads/huateng_camera_node/install/huateng_camera_node/local/lib/python3.10/dist-packages/huateng_camera_node/_huateng_camera_node_s.ep.rosidl_typesupport_fastrtps_c.c
[24.178s] -- Symlinking: /home/gustavo/Downloads/huateng_camera_node/install/huateng_camera_node/local/lib/python3.10/dist-packages/huateng_camera_node/_huateng_camera_node_s.ep.rosidl_typesupport_introspection_c.c
[24.191s] -- Symlinking: /home/gustavo/Downloads/huateng_camera_node/install/huateng_camera_node/local/lib/python3.10/dist-packages/huateng_camera_node/huateng_camera_node_s__rosidl_typesupport_c.cpython-310-x86_64-linux-gnu.so
[24.213s] -- Symlinking: /home/gustavo/Downloads/huateng_camera_node/install/huateng_camera_node/local/lib/python3.10/dist-packages/huateng_camera_node/huateng_camera_node_s__rosidl_typesupport_fastrtps_c.cpython-310-x86_64-linux-gnu.so
[24.225s] -- Symlinking: /home/gustavo/Downloads/huateng_camera_node/install/huateng_camera_node/local/lib/python3.10/dist-packages/huateng_camera_node/huateng_camera_node_s__rosidl_typesupport_introspection_c.cpython-310-x86_64-linux-gnu.so
[24.237s] -- Symlinking: /home/gustavo/Downloads/huateng_camera_node/install/huateng_camera_node/local/lib/python3.10/dist-packages/huateng_camera_node/libhuateng_camera_node__rosidl_generator_py.so
[24.250s] -- Symlinking: /home/gustavo/Downloads/huateng_camera_node/install/huateng_camera_node/local/lib/python3.10/dist-packages/huateng_camera_node/srv/__init__.py
[24.262s] -- Symlinking: /home/gustavo/Downloads/huateng_camera_node/install/huateng_camera_node/local/lib/python3.10/dist-packages/huateng_camera_node/srv/_set_float32.py
[24.274s] -- Symlinking: /home/gustavo/Downloads/huateng_camera_node/install/huateng_camera_node/local/lib/python3.10/dist-packages/huateng_camera_node/srv/_set_float32_s.c
[24.286s] -- Up-to-date symlink: /home/gustavo/Downloads/huateng_camera_node/install/huateng_camera_node/local/lib/python3.10/dist-packages/huateng_camera_node/huateng_camera_node_s__rosidl_typesupport_fastrtps_c.cpython-310-x86_64-linux-gnu.so
[24.287s] -- Up-to-date symlink: /home/gustavo/Downloads/huateng_camera_node/install/huateng_camera_node/local/lib/python3.10/dist-packages/huateng_camera_node/huateng_camera_node_s__rosidl_typesupport_introspection_c.cpython-310-x86_64-linux-gnu.so
[24.287s] -- Up-to-date symlink: /home/gustavo/Downloads/huateng_camera_node/install/huateng_camera_node/local/lib/python3.10/dist-packages/huateng_camera_node/huateng_camera_node_s__rosidl_typesupport_c.cpython-310-x86_64-linux-gnu.so
[24.288s] -- Symlinking: /home/gustavo/Downloads/huateng_camera_node/install/huateng_camera_node/share/huateng_camera_node/srv/SetFloat32.idl
[24.310s] -- Symlinking: /home/gustavo/Downloads/huateng_camera_node/install/huateng_camera_node/share/huateng_camera_node/srv/SetFloat32.srv
[24.328s] -- Symlinking: /home/gustavo/Downloads/huateng_camera_node/install/huateng_camera_node/share/huateng_camera_node/srv/SetFloat32_Request.msg
[24.347s] -- Symlinking: /home/gustavo/Downloads/huateng_camera_node/install/huateng_camera_node/share/huateng_camera_node/srv/SetFloat32_Response.msg
[24.361s] -- Symlinking: /home/gustavo/Downloads/huateng_camera_node/install/huateng_camera_node/lib/huateng_camera_node/huateng_camera_node_exec
[24.373s] -- Symlinking: /home/gustavo/Downloads/huateng_camera_node/install/huateng_camera_node/share/huateng_camera_node//config/camera_params.yaml
[24.385s] -- Symlinking: /home/gustavo/Downloads/huateng_camera_node/install/huateng_camera_node/share/ament_index/resource_index/package_run_dependencies/huateng_camera_node
[24.398s] -- Symlinking: /home/gustavo/Downloads/huateng_camera_node/install/huateng_camera_node/share/ament_index/resource_index/parent_prefix_path/huateng_camera_node
[24.410s] -- Symlinking: /home/gustavo/Downloads/huateng_camera_node/install/huateng_camera_node/share/huateng_camera_node/environment/ament_prefix_path.sh
[24.431s] -- Symlinking: /home/gustavo/Downloads/huateng_camera_node/install/huateng_camera_node/share/huateng_camera_node/environment/ament_prefix_path.dsv
[24.452s] -- Symlinking: /home/gustavo/Downloads/huateng_camera_node/install/huateng_camera_node/share/huateng_camera_node/environment/path.sh
[24.465s] -- Symlinking: /home/gustavo/Downloads/huateng_camera_node/install/huateng_camera_node/share/huateng_camera_node/environment/path.dsv
[24.477s] -- Symlinking: /home/gustavo/Downloads/huateng_camera_node/install/huateng_camera_node/share/huateng_camera_node/local_setup.bash
[24.489s] -- Symlinking: /home/gustavo/Downloads/huateng_camera_node/install/huateng_camera_node/share/huateng_camera_node/local_setup.sh
[24.500s] -- Symlinking: /home/gustavo/Downloads/huateng_camera_node/install/huateng_camera_node/share/huateng_camera_node/local_setup.zsh
[24.512s] -- Symlinking: /home/gustavo/Downloads/huateng_camera_node/install/huateng_camera_node/share/huateng_camera_node/local_setup.dsv
[24.524s] -- Symlinking: /home/gustavo/Downloads/huateng_camera_node/install/huateng_camera_node/share/huateng_camera_node/package.dsv
[24.537s] -- Symlinking: /home/gustavo/Downloads/huateng_camera_node/install/huateng_camera_node/share/ament_index/resource_index/packages/huateng_camera_node
[24.549s] -- Symlinking: /home/gustavo/Downloads/huateng_camera_node/install/huateng_camera_node/share/huateng_camera_node/cmake/rosidl_cmake-extras.cmake
[24.569s] -- Symlinking: /home/gustavo/Downloads/huateng_camera_node/install/huateng_camera_node/share/huateng_camera_node/cmake/ament_cmake_export_dependencies-extras.cmake
[24.585s] -- Symlinking: /home/gustavo/Downloads/huateng_camera_node/install/huateng_camera_node/share/huateng_camera_node/cmake/ament_cmake_export_include_directories-extras.cmake
[24.608s] -- Symlinking: /home/gustavo/Downloads/huateng_camera_node/install/huateng_camera_node/share/huateng_camera_node/cmake/ament_cmake_export_libraries-extras.cmake
[24.624s] -- Symlinking: /home/gustavo/Downloads/huateng_camera_node/install/huateng_camera_node/share/huateng_camera_node/cmake/ament_cmake_export_targets-extras.cmake
[24.639s] -- Symlinking: /home/gustavo/Downloads/huateng_camera_node/install/huateng_camera_node/share/huateng_camera_node/cmake/rosidl_cmake_export_typesupport_targets-extras.cmake
[24.651s] -- Symlinking: /home/gustavo/Downloads/huateng_camera_node/install/huateng_camera_node/share/huateng_camera_node/cmake/rosidl_cmake_export_typesupport_libraries-extras.cmake
[24.663s] -- Symlinking: /home/gustavo/Downloads/huateng_camera_node/install/huateng_camera_node/share/huateng_camera_node/cmake/huateng_camera_nodeConfig.cmake
[24.675s] -- Symlinking: /home/gustavo/Downloads/huateng_camera_node/install/huateng_camera_node/share/huateng_camera_node/cmake/huateng_camera_nodeConfig-version.cmake
[24.688s] -- Symlinking: /home/gustavo/Downloads/huateng_camera_node/install/huateng_camera_node/share/huateng_camera_node/package.xml
[24.700s] -- Installing: /home/gustavo/Downloads/huateng_camera_node/install/huateng_camera_node/lib/libhuateng_camera_node__rosidl_generator_c.so
[24.701s] -- Set runtime path of "/home/gustavo/Downloads/huateng_camera_node/install/huateng_camera_node/lib/libhuateng_camera_node__rosidl_generator_c.so" to ""
[24.701s] -- Installing: /home/gustavo/Downloads/huateng_camera_node/install/huateng_camera_node/lib/libhuateng_camera_node__rosidl_typesupport_fastrtps_c.so
[24.702s] -- Set runtime path of "/home/gustavo/Downloads/huateng_camera_node/install/huateng_camera_node/lib/libhuateng_camera_node__rosidl_typesupport_fastrtps_c.so" to ""
[24.702s] -- Installing: /home/gustavo/Downloads/huateng_camera_node/install/huateng_camera_node/lib/libhuateng_camera_node__rosidl_typesupport_introspection_c.so
[24.703s] -- Set runtime path of "/home/gustavo/Downloads/huateng_camera_node/install/huateng_camera_node/lib/libhuateng_camera_node__rosidl_typesupport_introspection_c.so" to ""
[24.703s] -- Installing: /home/gustavo/Downloads/huateng_camera_node/install/huateng_camera_node/lib/libhuateng_camera_node__rosidl_typesupport_c.so
[24.704s] -- Set runtime path of "/home/gustavo/Downloads/huateng_camera_node/install/huateng_camera_node/lib/libhuateng_camera_node__rosidl_typesupport_c.so" to ""
[24.704s] -- Installing: /home/gustavo/Downloads/huateng_camera_node/install/huateng_camera_node/lib/libhuateng_camera_node__rosidl_typesupport_fastrtps_cpp.so
[24.705s] -- Set runtime path of "/home/gustavo/Downloads/huateng_camera_node/install/huateng_camera_node/lib/libhuateng_camera_node__rosidl_typesupport_fastrtps_cpp.so" to ""
[24.705s] -- Installing: /home/gustavo/Downloads/huateng_camera_node/install/huateng_camera_node/lib/libhuateng_camera_node__rosidl_typesupport_introspection_cpp.so
[24.706s] -- Set runtime path of "/home/gustavo/Downloads/huateng_camera_node/install/huateng_camera_node/lib/libhuateng_camera_node__rosidl_typesupport_introspection_cpp.so" to ""
[24.706s] -- Installing: /home/gustavo/Downloads/huateng_camera_node/install/huateng_camera_node/lib/libhuateng_camera_node__rosidl_typesupport_cpp.so
[24.706s] -- Set runtime path of "/home/gustavo/Downloads/huateng_camera_node/install/huateng_camera_node/lib/libhuateng_camera_node__rosidl_typesupport_cpp.so" to ""
[24.747s] Listing '/home/gustavo/Downloads/huateng_camera_node/install/huateng_camera_node/local/lib/python3.10/dist-packages/huateng_camera_node'...
[24.747s] Compiling '/home/gustavo/Downloads/huateng_camera_node/install/huateng_camera_node/local/lib/python3.10/dist-packages/huateng_camera_node/__init__.py'...
[24.747s] Listing '/home/gustavo/Downloads/huateng_camera_node/install/huateng_camera_node/local/lib/python3.10/dist-packages/huateng_camera_node/srv'...
[24.748s] Compiling '/home/gustavo/Downloads/huateng_camera_node/install/huateng_camera_node/local/lib/python3.10/dist-packages/huateng_camera_node/srv/__init__.py'...
[24.748s] Compiling '/home/gustavo/Downloads/huateng_camera_node/install/huateng_camera_node/local/lib/python3.10/dist-packages/huateng_camera_node/srv/_set_float32.py'...
[24.753s] -- Installing: /home/gustavo/Downloads/huateng_camera_node/install/huateng_camera_node/lib/libhuateng_camera_node__rosidl_generator_py.so
[24.754s] -- Set runtime path of "/home/gustavo/Downloads/huateng_camera_node/install/huateng_camera_node/lib/libhuateng_camera_node__rosidl_generator_py.so" to ""
[24.754s] -- Installing: /home/gustavo/Downloads/huateng_camera_node/install/huateng_camera_node/share/huateng_camera_node/cmake/export_huateng_camera_node__rosidl_generator_cExport.cmake
[24.755s] -- Installing: /home/gustavo/Downloads/huateng_camera_node/install/huateng_camera_node/share/huateng_camera_node/cmake/export_huateng_camera_node__rosidl_generator_cExport-noconfig.cmake
[24.755s] -- Installing: /home/gustavo/Downloads/huateng_camera_node/install/huateng_camera_node/share/huateng_camera_node/cmake/export_huateng_camera_node__rosidl_typesupport_fastrtps_cExport.cmake
[24.756s] -- Installing: /home/gustavo/Downloads/huateng_camera_node/install/huateng_camera_node/share/huateng_camera_node/cmake/export_huateng_camera_node__rosidl_typesupport_fastrtps_cExport-noconfig.cmake
[24.756s] -- Installing: /home/gustavo/Downloads/huateng_camera_node/install/huateng_camera_node/share/huateng_camera_node/cmake/huateng_camera_node__rosidl_typesupport_introspection_cExport.cmake
[24.757s] -- Installing: /home/gustavo/Downloads/huateng_camera_node/install/huateng_camera_node/share/huateng_camera_node/cmake/huateng_camera_node__rosidl_typesupport_introspection_cExport-noconfig.cmake
[24.757s] -- Installing: /home/gustavo/Downloads/huateng_camera_node/install/huateng_camera_node/share/huateng_camera_node/cmake/huateng_camera_node__rosidl_typesupport_cExport.cmake
[24.758s] -- Installing: /home/gustavo/Downloads/huateng_camera_node/install/huateng_camera_node/share/huateng_camera_node/cmake/huateng_camera_node__rosidl_typesupport_cExport-noconfig.cmake
[24.758s] -- Installing: /home/gustavo/Downloads/huateng_camera_node/install/huateng_camera_node/share/huateng_camera_node/cmake/export_huateng_camera_node__rosidl_generator_cppExport.cmake
[24.759s] -- Installing: /home/gustavo/Downloads/huateng_camera_node/install/huateng_camera_node/share/huateng_camera_node/cmake/export_huateng_camera_node__rosidl_typesupport_fastrtps_cppExport.cmake
[24.759s] -- Installing: /home/gustavo/Downloads/huateng_camera_node/install/huateng_camera_node/share/huateng_camera_node/cmake/export_huateng_camera_node__rosidl_typesupport_fastrtps_cppExport-noconfig.cmake
[24.760s] -- Installing: /home/gustavo/Downloads/huateng_camera_node/install/huateng_camera_node/share/huateng_camera_node/cmake/huateng_camera_node__rosidl_typesupport_introspection_cppExport.cmake
[24.760s] -- Installing: /home/gustavo/Downloads/huateng_camera_node/install/huateng_camera_node/share/huateng_camera_node/cmake/huateng_camera_node__rosidl_typesupport_introspection_cppExport-noconfig.cmake
[24.761s] -- Installing: /home/gustavo/Downloads/huateng_camera_node/install/huateng_camera_node/share/huateng_camera_node/cmake/huateng_camera_node__rosidl_typesupport_cppExport.cmake
[24.762s] -- Installing: /home/gustavo/Downloads/huateng_camera_node/install/huateng_camera_node/share/huateng_camera_node/cmake/huateng_camera_node__rosidl_typesupport_cppExport-noconfig.cmake
[24.762s] -- Installing: /home/gustavo/Downloads/huateng_camera_node/install/huateng_camera_node/share/huateng_camera_node/cmake/export_huateng_camera_node__rosidl_generator_pyExport.cmake
[24.763s] -- Installing: /home/gustavo/Downloads/huateng_camera_node/install/huateng_camera_node/share/huateng_camera_node/cmake/export_huateng_camera_node__rosidl_generator_pyExport-noconfig.cmake
[24.769s] Invoked command in '/home/gustavo/Downloads/huateng_camera_node/build/huateng_camera_node' returned '0': CMAKE_PREFIX_PATH=/opt/ros/humble /usr/bin/cmake --install /home/gustavo/Downloads/huateng_camera_node/build/huateng_camera_node
